{"level":"error","message":"Unable to connect to the database: Access denied for user 'root'@'localhost' (using password: NO)","name":"SequelizeAccessDeniedError","original":{"code":"ER_ACCESS_DENIED_ERROR","errno":1045,"sqlMessage":"Access denied for user 'root'@'localhost' (using password: NO)","sqlState":"28000"},"parent":{"code":"ER_ACCESS_DENIED_ERROR","errno":1045,"sqlMessage":"Access denied for user 'root'@'localhost' (using password: NO)","sqlState":"28000"},"stack":"SequelizeAccessDeniedError: Access denied for user 'root'@'localhost' (using password: NO)\n    at ConnectionManager.connect (C:\\Users\\jo\\Desktop\\smatscan\\smartscan\\backend\\node_modules\\sequelize\\lib\\dialects\\mysql\\connection-manager.js:94:17)\n    at process.processTicksAndRejections (node:internal/process/task_queues:105:5)\n    at async ConnectionManager._connect (C:\\Users\\jo\\Desktop\\smatscan\\smartscan\\backend\\node_modules\\sequelize\\lib\\dialects\\abstract\\connection-manager.js:222:24)\n    at async C:\\Users\\jo\\Desktop\\smatscan\\smartscan\\backend\\node_modules\\sequelize\\lib\\dialects\\abstract\\connection-manager.js:174:32\n    at async ConnectionManager.getConnection (C:\\Users\\jo\\Desktop\\smatscan\\smartscan\\backend\\node_modules\\sequelize\\lib\\dialects\\abstract\\connection-manager.js:197:7)\n    at async C:\\Users\\jo\\Desktop\\smatscan\\smartscan\\backend\\node_modules\\sequelize\\lib\\sequelize.js:305:26\n    at async Sequelize.authenticate (C:\\Users\\jo\\Desktop\\smatscan\\smartscan\\backend\\node_modules\\sequelize\\lib\\sequelize.js:457:5)","timestamp":"2025-04-03T00:25:45.596Z"}
{"level":"info","message":"Database created or already exists","timestamp":"2025-04-03T00:26:04.542Z"}
{"level":"info","message":"Database connection established successfully.","timestamp":"2025-04-03T00:26:04.558Z"}
{"level":"info","message":"Database connection established successfully.","timestamp":"2025-04-03T00:26:04.560Z"}
{"level":"info","message":"Database synced successfully.","timestamp":"2025-04-03T00:26:04.771Z"}
{"level":"info","message":"Database created or already exists","timestamp":"2025-04-03T00:26:29.221Z"}
{"level":"info","message":"Database connection established successfully.","timestamp":"2025-04-03T00:26:29.229Z"}
{"level":"info","message":"Database connection established successfully.","timestamp":"2025-04-03T00:26:29.230Z"}
{"level":"info","message":"Database synced successfully.","timestamp":"2025-04-03T00:26:29.244Z"}
{"level":"info","message":"Server is running on port 3001","timestamp":"2025-04-03T00:26:29.248Z"}
{"level":"info","message":"Database created or already exists","timestamp":"2025-04-03T00:27:55.979Z"}
{"level":"info","message":"Database connection established successfully.","timestamp":"2025-04-03T00:27:55.992Z"}
{"level":"info","message":"Database connection established successfully.","timestamp":"2025-04-03T00:27:55.995Z"}
{"level":"info","message":"Database synced successfully.","timestamp":"2025-04-03T00:27:56.039Z"}
{"level":"info","message":"Server is running on port 3001","timestamp":"2025-04-03T00:27:56.042Z"}
{"level":"info","message":"Database created or already exists","timestamp":"2025-04-03T00:30:08.738Z"}
{"level":"info","message":"Database connection established successfully.","timestamp":"2025-04-03T00:30:08.757Z"}
{"level":"info","message":"Database connection established successfully.","timestamp":"2025-04-03T00:30:08.759Z"}
{"level":"info","message":"Database synced successfully.","timestamp":"2025-04-03T00:30:08.830Z"}
{"level":"info","message":"Server is running on port 3001","timestamp":"2025-04-03T00:30:08.836Z"}
{"level":"info","message":"Database created or already exists","timestamp":"2025-04-03T00:31:43.872Z"}
{"level":"info","message":"Database connection established successfully.","timestamp":"2025-04-03T00:31:43.885Z"}
{"level":"info","message":"Database connection established successfully.","timestamp":"2025-04-03T00:31:43.886Z"}
{"level":"info","message":"Database synced successfully.","timestamp":"2025-04-03T00:31:43.929Z"}
{"level":"info","message":"Server is running on port 3001","timestamp":"2025-04-03T00:31:43.934Z"}
